Arguments: 
  C:\Program Files\nodejs\node.exe C:\Users\huynguyen\AppData\Roaming\npm\node_modules\yarn\bin\yarn.js

PATH: 
  C:\Windows\system32;C:\Windows;C:\Windows\System32\Wbem;C:\Windows\System32\WindowsPowerShell\v1.0\;C:\Windows\System32\OpenSSH\;C:\Program Files\nodejs\;C:\Program Files\Docker\Docker\resources\bin;C:\ProgramData\DockerDesktop\version-bin;C:\Users\huynguyen\AppData\Local\Microsoft\WindowsApps;C:\Users\huynguyen\AppData\Local\Programs\Microsoft VS Code\bin;C:\Users\huynguyen\AppData\Roaming\npm;C:\Users\huynguyen\AppData\Local\Programs\Git\cmd

Yarn version: 
  1.22.19

Node version: 
  16.14.2

Platform: 
  win32 x64

Trace: 
  Error: ENOENT: no such file or directory, lstat 'C:\Users\huynguyen\Documents\react-onboarding-template\react-onboarding-template\example\node_modules\react-bootstrap\node_modules\react-transition-group\node_modules'

npm manifest: 
  {
    "name": "react-onboarding-template-example",
    "homepage": ".",
    "version": "0.0.0",
    "private": true,
    "scripts": {
      "start": "node ../node_modules/react-scripts/bin/react-scripts.js start",
      "build": "node ../node_modules/react-scripts/bin/react-scripts.js build",
      "test": "node ../node_modules/react-scripts/bin/react-scripts.js test",
      "eject": "node ../node_modules/react-scripts/bin/react-scripts.js eject"
    },
    "dependencies": {
      "react": "file:../node_modules/react",
      "react-dom": "file:../node_modules/react-dom",
      "react-onboarding-template": "file:..",
      "react-scripts": "file:../node_modules/react-scripts"
    },
    "devDependencies": {
      "@babel/plugin-syntax-object-rest-spread": "^7.8.3"
    },
    "eslintConfig": {
      "extends": "react-app"
    },
    "browserslist": [
      ">0.2%",
      "not dead",
      "not ie <= 11",
      "not op_mini all"
    ]
  }

yarn manifest: 
  No manifest

Lockfile: 
  No lockfile
